Arguments: 
  /Users/jiwoniy/.nvm/versions/node/v10.16.0/bin/node /Users/jiwoniy/.yarn/bin/yarn.js install

PATH: 
  /Users/jiwoniy/.yarn/bin:/Users/jiwoniy/.config/yarn/global/node_modules/.bin:/Users/jiwoniy/.nvm/versions/node/v10.16.0/bin:/usr/local/bin:/usr/bin:/bin:/usr/sbin:/sbin:/Users/jiwoniy/Library/Python/3.7/bin

Yarn version: 
  1.16.0

Node version: 
  10.16.0

Platform: 
  darwin x64

Trace: 
  SyntaxError: /Users/jiwoniy/Genesislab/Study/react/package.json: Unexpected token } in JSON at position 279
      at JSON.parse (<anonymous>)
      at /Users/jiwoniy/.yarn/lib/cli.js:1625:59
      at Generator.next (<anonymous>)
      at step (/Users/jiwoniy/.yarn/lib/cli.js:304:30)
      at /Users/jiwoniy/.yarn/lib/cli.js:315:13

npm manifest: 
  {
    "name": "@jiwon-genesislab/react-rollup",
    "version": "0.0.16",
    "description": "study react component",
    "main": "dist/index.js",
    "author": "jiwoniy",
    "license": "MIT",
    "private": false,
    "dependencies": {
      "prop-types": "^15.7.2",
      "react-is": "^16.9.0",
    },
    "scripts": {
      "start": "node ./build",
      "build": "rollup --config"
    },
    "peerDependencies": {
      "react": "^16.9.0",
      "react-dom": "^16.9.0",
      "@material-ui/core": "^4.3.2"
    },
    "devDependencies": {
      "@babel/core": "^7.7.5",
      "@babel/preset-env": "^7.7.6",
      "@babel/preset-react": "^7.7.4",
      "@rollup/plugin-node-resolve": "^6.0.0",
      "rollup": "^1.27.13",
      "rollup-plugin-babel": "^4.3.3",
      "rollup-plugin-commonjs": "^10.1.0",
      "rollup-plugin-json": "^4.0.0",
      "rollup-plugin-peer-deps-external": "^2.2.0"
    },
    "publishConfig": {
      "registry": "https://npm.pkg.github.com/"
    }
  }

yarn manifest: 
  No manifest

Lockfile: 
  No lockfile
